<?xml version="1.0" encoding="UTF-8"?>
<!-- Generated by org.testng.reporters.JUnitReportReporter -->
<testsuite hostname="DESKTOP-SOTA0LM" failures="0" tests="1" name="com.qstore.cases.EndToEndTest" time="48.390" errors="0" timestamp="2022-09-17T12:31:38 EDT" skipped="0">
  <testcase classname="com.qstore.cases.EndToEndTest" name="endToEndTest" time="48.390"/>
  <system-out/>
</testsuite> <!-- com.qstore.cases.EndToEndTest -->
