<?xml version="1.0" encoding="UTF-8"?>
<!-- Generated by org.testng.reporters.JUnitReportReporter -->
<testsuite hostname="DESKTOP-SOTA0LM" failures="0" tests="1" name="com.qstore.cases.AccountCreationPageTest" time="8.345" errors="0" timestamp="2022-09-17T12:31:38 EDT" skipped="0">
  <testcase classname="com.qstore.cases.AccountCreationPageTest" name="verifyAccountCreationTest" time="8.345"/>
  <system-out/>
</testsuite> <!-- com.qstore.cases.AccountCreationPageTest -->
