<?xml version="1.0" encoding="UTF-8"?>
<!-- Generated by org.testng.reporters.JUnitReportReporter -->
<testsuite hostname="DESKTOP-SOTA0LM" failures="0" tests="2" name="com.qstore.cases.IndexPageTest" time="9.123" errors="0" timestamp="2022-09-17T12:31:38 EDT" skipped="0">
  <testcase classname="com.qstore.cases.IndexPageTest" name="verifyTitle" time="3.904"/>
  <system-out/>
  <testcase classname="com.qstore.cases.IndexPageTest" name="verifyLogo" time="5.219"/>
  <system-out/>
</testsuite> <!-- com.qstore.cases.IndexPageTest -->
