<?xml version="1.0" encoding="UTF-8"?>
<!-- Generated by org.testng.reporters.JUnitReportReporter -->
<testsuite hostname="DESKTOP-SOTA0LM" failures="0" tests="6" name="com.qstore.cases.IndexPageTest" time="61.785" errors="0" timestamp="2022-09-20T11:51:44 EDT" skipped="0">
  <testcase classname="com.qstore.cases.IndexPageTest" name="verifyLogo" time="8.159"/>
  <system-out/>
  <testcase classname="com.qstore.cases.IndexPageTest" name="verifyLogo" time="7.845"/>
  <system-out/>
  <testcase classname="com.qstore.cases.IndexPageTest" name="verifyTitle" time="12.125"/>
  <system-out/>
  <testcase classname="com.qstore.cases.IndexPageTest" name="verifyLogo" time="9.429"/>
  <system-out/>
  <testcase classname="com.qstore.cases.IndexPageTest" name="verifyTitle" time="13.406"/>
  <system-out/>
  <testcase classname="com.qstore.cases.IndexPageTest" name="verifyTitle" time="10.821"/>
  <system-out/>
</testsuite> <!-- com.qstore.cases.IndexPageTest -->
